[debug] [2024-11-08T07:14:18.478Z] ----------------------------------------------------------------------
[debug] [2024-11-08T07:14:18.485Z] Command:       /usr/local/bin/node /usr/local/bin/firebase init hosting
[debug] [2024-11-08T07:14:18.485Z] CLI Version:   13.24.2
[debug] [2024-11-08T07:14:18.485Z] Platform:      darwin
[debug] [2024-11-08T07:14:18.485Z] Node Version:  v20.10.0
[debug] [2024-11-08T07:14:18.485Z] Time:          Fri Nov 08 2024 02:14:18 GMT-0500 (Eastern Standard Time)
[debug] [2024-11-08T07:14:18.485Z] ----------------------------------------------------------------------
[debug] 
[debug] [2024-11-08T07:14:18.489Z] > command requires scopes: ["email","openid","https://www.googleapis.com/auth/cloudplatformprojects.readonly","https://www.googleapis.com/auth/firebase","https://www.googleapis.com/auth/cloud-platform"]
[debug] [2024-11-08T07:14:18.490Z] > authorizing via signed-in user (kenro.oyama@gmail.com)
[info] 
     ######## #### ########  ######## ########     ###     ######  ########
     ##        ##  ##     ## ##       ##     ##  ##   ##  ##       ##
     ######    ##  ########  ######   ########  #########  ######  ######
     ##        ##  ##    ##  ##       ##     ## ##     ##       ## ##
     ##       #### ##     ## ######## ########  ##     ##  ######  ########

You're about to initialize a Firebase project in this directory:

  /Users/kenrooyama/Documents/Zachatter3/zachatter

[info] 
=== Project Setup
[info] 
[info] First, let's associate this project directory with a Firebase project.
[info] You can create multiple project aliases by running firebase use --add, 
[info] but for now we'll just set up a default project.
[info] 
[debug] [2024-11-08T07:14:20.397Z] Checked if tokens are valid: true, expires at: 1731053570916
[debug] [2024-11-08T07:14:20.397Z] Checked if tokens are valid: true, expires at: 1731053570916
[debug] [2024-11-08T07:14:20.399Z] >>> [apiv2][query] GET https://firebase.googleapis.com/v1beta1/projects pageSize=100
[debug] [2024-11-08T07:14:20.902Z] <<< [apiv2][status] GET https://firebase.googleapis.com/v1beta1/projects 200
[debug] [2024-11-08T07:14:20.902Z] <<< [apiv2][body] GET https://firebase.googleapis.com/v1beta1/projects [omitted]
[info] i  Using project zachatter2 (Zachatter2) 
[info] 
=== Hosting Setup
[debug] [2024-11-08T07:14:25.835Z] Checked if tokens are valid: true, expires at: 1731053570916
[debug] [2024-11-08T07:14:25.835Z] Checked if tokens are valid: true, expires at: 1731053570916
[debug] [2024-11-08T07:14:25.836Z] >>> [apiv2][query] GET https://firebase.googleapis.com/v1beta1/projects/zachatter2 [none]
[debug] [2024-11-08T07:14:26.159Z] <<< [apiv2][status] GET https://firebase.googleapis.com/v1beta1/projects/zachatter2 200
[debug] [2024-11-08T07:14:26.159Z] <<< [apiv2][body] GET https://firebase.googleapis.com/v1beta1/projects/zachatter2 {"projectId":"zachatter2","projectNumber":"291058749422","displayName":"Zachatter2","name":"projects/zachatter2","resources":{"hostingSite":"zachatter2"},"state":"ACTIVE","etag":"1_5bd3976c-de9c-4a15-9abe-7d2b2929d0cb"}
[info] 
[info] Your public directory is the folder (relative to your project directory) that
[info] will contain Hosting assets to be uploaded with firebase deploy. If you
[info] have a build process for your assets, use your build's output directory.
[info] 
